<?xml version="1.0" encoding="utf-8"?>
<LinearLayout xmlns:android="http://schemas.android.com/apk/res/android"
    android:layout_width="match_parent"
    android:layout_height="match_parent"
    android:orientation="vertical" >

    <TableLayout
        android:layout_width="match_parent"
        android:layout_height="wrap_content" >

        <TableRow
            android:id="@+id/tableRow1"
            android:layout_width="wrap_content"
            android:layout_height="wrap_content" >

            <TextView
                android:id="@+id/textView1"
                android:layout_width="140dp"
                android:layout_height="wrap_content"
                android:text="Test Date" />

            <TextView
                android:id="@+id/textView9"
                android:layout_width="wrap_content"
                android:layout_height="wrap_content"
                android:text="TextView" />
        </TableRow>

        <TableRow
            android:id="@+id/tableRow2"
            android:layout_width="wrap_content"
            android:layout_height="wrap_content" >

            <TextView
                android:id="@+id/textView2"
                android:layout_width="140dp"
                android:layout_height="wrap_content"
                android:text="Remark" />

            <TextView
                android:id="@+id/textView10"
                android:layout_width="wrap_content"
                android:layout_height="wrap_content"
                android:text="TextView" />
        </TableRow>

        <TableRow
            android:id="@+id/tableRow3"
            android:layout_width="wrap_content"
            android:layout_height="wrap_content" >

            <TextView
                android:id="@+id/textView3"
                android:layout_width="140dp"
                android:layout_height="wrap_content"
                android:text="Doctor ID" />

            <TextView
                android:id="@+id/textView11"
                android:layout_width="wrap_content"
                android:layout_height="wrap_content"
                android:text="TextView" />
        </TableRow>

        <TableRow
            android:id="@+id/tableRow5"
            android:layout_width="wrap_content"
            android:layout_height="wrap_content" >

            <TextView
                android:id="@+id/textView5"
                android:layout_width="140dp"
                android:layout_height="wrap_content"
                android:text="Test Name" />

            <TextView
                android:id="@+id/textView13"
                android:layout_width="wrap_content"
                android:layout_height="wrap_content"
                android:text="TextView" />
        </TableRow>

        <TableRow
            android:id="@+id/tableRow6"
            android:layout_width="match_parent"
            android:layout_height="wrap_content" >

            <TextView
                android:id="@+id/textView6"
                android:layout_width="140dp"
                android:layout_height="wrap_content"
                android:text="Amount" />

            <TextView
                android:id="@+id/textView14"
                android:layout_width="wrap_content"
                android:layout_height="wrap_content"
                android:text="TextView" />
        </TableRow>

        <TableRow
            android:id="@+id/tableRow7"
            android:layout_width="wrap_content"
            android:layout_height="wrap_content" >

            <TextView
                android:id="@+id/textView7"
                android:layout_width="140dp"
                android:layout_height="wrap_content"
                android:text="Department Name" />

            <TextView
                android:id="@+id/textView15"
                android:layout_width="wrap_content"
                android:layout_height="wrap_content"
                android:text="TextView" />
        </TableRow>

        <TableRow
            android:id="@+id/tableRow4"
            android:layout_width="wrap_content"
            android:layout_height="wrap_content"
            android:visibility="invisible" >

            <TextView
                android:id="@+id/textView4"
                android:layout_width="140dp"
                android:layout_height="wrap_content"
                android:text="Test Result Date" />

            <TextView
                android:id="@+id/textView12"
                android:layout_width="wrap_content"
                android:layout_height="wrap_content"
                android:text="TextView" />
        </TableRow>

    </TableLayout>

</LinearLayout>
